<?xml version="1.0" encoding="UTF-8"?>
<!-- Generated by org.testng.reporters.JUnitReportReporter -->
<testsuite hostname="DESKTOP-DTABCN4" failures="0" tests="2" name="test.java.ie.murph.testng.InitialTestNg" time="3.396" errors="0" timestamp="09 Jan 2019 22:06:00 GMT" skipped="0">
  <testcase classname="test.java.ie.murph.testng.InitialTestNg" name="register" time="1.725"/>
  <testcase classname="test.java.ie.murph.testng.InitialTestNg" name="support" time="1.671"/>
</testsuite> <!-- test.java.ie.murph.testng.InitialTestNg -->
