<?xml version="1.0" encoding="UTF-8"?>
<!-- Generated by org.testng.reporters.JUnitReportReporter -->
<testsuite hostname="DESKTOP-DTABCN4" failures="0" tests="2" name="test.java.ie.murph.testng.InitialTestNg" time="2.861" errors="0" timestamp="29 Dec 2018 23:11:38 GMT" skipped="0">
  <testcase classname="test.java.ie.murph.testng.InitialTestNg" name="register" time="1.504"/>
  <testcase classname="test.java.ie.murph.testng.InitialTestNg" name="support" time="1.357"/>
</testsuite> <!-- test.java.ie.murph.testng.InitialTestNg -->
