<?xml version="1.0" encoding="UTF-8"?>
<!-- Generated by org.testng.reporters.JUnitReportReporter -->
<testsuite hostname="DESKTOP-DTABCN4" failures="0" tests="2" name="test.java.ie.murph.testng.InitialTestNg" time="3.641" errors="0" timestamp="30 Dec 2018 22:53:12 GMT" skipped="0">
  <testcase classname="test.java.ie.murph.testng.InitialTestNg" name="register" time="1.822"/>
  <testcase classname="test.java.ie.murph.testng.InitialTestNg" name="support" time="1.819"/>
</testsuite> <!-- test.java.ie.murph.testng.InitialTestNg -->
