<?xml version="1.0" encoding="UTF-8"?>
<!-- Generated by org.testng.reporters.JUnitReportReporter -->
<testsuite hostname="DESKTOP-DTABCN4" failures="0" tests="2" name="test.java.ie.murph.testng.InitialTestNg" time="3.945" errors="0" timestamp="30 Dec 2018 22:54:00 GMT" skipped="0">
  <testcase classname="test.java.ie.murph.testng.InitialTestNg" name="register" time="1.915"/>
  <testcase classname="test.java.ie.murph.testng.InitialTestNg" name="support" time="2.030"/>
</testsuite> <!-- test.java.ie.murph.testng.InitialTestNg -->
