<?xml version="1.0" encoding="UTF-8"?>
<!-- Generated by org.testng.reporters.JUnitReportReporter -->
<testsuite hostname="DESKTOP-DTABCN4" failures="0" tests="1" name="test.java.ie.murph.testng.InitialTestNg" time="9.377" errors="0" timestamp="29 Dec 2018 22:42:08 GMT" skipped="0">
  <testcase classname="test.java.ie.murph.testng.InitialTestNg" name="verifyHomepageTitle" time="9.377"/>
</testsuite> <!-- test.java.ie.murph.testng.InitialTestNg -->
